mode: atomic
xinhang-backend/handlers/application.go:13.28,15.47 2 7
xinhang-backend/handlers/application.go:15.47,18.3 2 3
xinhang-backend/handlers/application.go:20.2,32.47 2 4
xinhang-backend/handlers/application.go:32.47,35.3 2 1
xinhang-backend/handlers/application.go:37.2,41.15 3 4
xinhang-backend/handlers/application.go:41.15,44.3 2 1
xinhang-backend/handlers/application.go:46.2,46.55 1 3
xinhang-backend/handlers/application.go:46.55,49.3 2 0
xinhang-backend/handlers/application.go:51.2,51.86 1 3
xinhang-backend/handlers/application.go:54.39,57.14 3 5
xinhang-backend/handlers/application.go:57.14,59.3 1 1
xinhang-backend/handlers/application.go:60.2,60.36 1 5
xinhang-backend/handlers/application.go:60.36,62.3 1 2
xinhang-backend/handlers/application.go:64.2,71.33 4 5
xinhang-backend/handlers/application.go:71.33,74.3 2 0
xinhang-backend/handlers/application.go:76.2,82.4 1 5
xinhang-backend/handlers/auth.go:17.34,19.2 1 1
xinhang-backend/handlers/auth.go:21.31,23.47 2 8
xinhang-backend/handlers/auth.go:23.47,26.3 2 3
xinhang-backend/handlers/auth.go:28.2,29.89 2 5
xinhang-backend/handlers/auth.go:29.89,32.3 2 1
xinhang-backend/handlers/auth.go:34.2,35.16 2 4
xinhang-backend/handlers/auth.go:35.16,38.3 2 0
xinhang-backend/handlers/auth.go:40.2,48.56 2 4
xinhang-backend/handlers/auth.go:48.56,51.3 2 0
xinhang-backend/handlers/auth.go:53.2,53.57 1 4
xinhang-backend/handlers/auth.go:56.28,58.47 2 4
xinhang-backend/handlers/auth.go:58.47,61.3 2 1
xinhang-backend/handlers/auth.go:63.2,64.85 2 3
xinhang-backend/handlers/auth.go:64.85,67.3 2 1
xinhang-backend/handlers/auth.go:69.2,69.103 1 2
xinhang-backend/handlers/auth.go:69.103,72.3 2 1
xinhang-backend/handlers/auth.go:74.2,81.16 3 1
xinhang-backend/handlers/auth.go:81.16,84.3 2 0
xinhang-backend/handlers/auth.go:86.2,89.4 1 1
